<?xml version='1.0'?>
<ns2:test-suite xmlns:ns2='urn:model.allure.qatools.yandex.ru' start='1604383054666' stop='1604383054724'>
    <name>My Little Hero: Labels are correct</name>
    <title>My Little Hero: Labels are correct</title>
    <test-cases>
        <test-case start='1604383054666' status='broken' stop='1604383054674'>
            <name>TC-006 Label for name = 1. What is your Hero's name?</name>
            <title>TC-006 Label for name = 1. What is your Hero's name?</title>
            <labels>
                <label name='language' value='javascript'/>
                <label name='framework' value='wdio'/>
                <label name='thread' value='0-0'/>
            </labels>
            <parameters>
                <parameter kind='argument' name='browser' value='chrome-86.0.4240.183'/>
            </parameters>
            <steps>
                <step start='1604383054668' status='broken' stop='1604383054674'>
                    <name>GET /session/:sessionId/screenshot</name>
                    <title>GET /session/:sessionId/screenshot</title>
                    <attachments/>
                    <steps>
                        <step start='1604383054671' status='broken' stop='1604383054674'>
                            <name>POST /session/:sessionId/elements</name>
                            <title>POST /session/:sessionId/elements</title>
                            <attachments>
                                <attachment title='Request' source='2f484cbf-c8b6-454c-a59c-0f2ec3c429a3-attachment.json' type='application/json' size='67'/>
                            </attachments>
                            <steps/>
                        </step>
                    </steps>
                </step>
            </steps>
            <attachments/>
            <failure>
                <message>Cannot read property 'getAttribute' of undefined</message>
                <stack-trace>TypeError: Cannot read property 'getAttribute' of undefined
                    at Context.&lt;anonymous> (/Users/ihorvorobiov/PASV/MLH/test/smoke/labels.js:59:26)
                    at Context.executeAsync (/Users/ihorvorobiov/PASV/MLH/node_modules/@wdio/utils/build/shim.js:96:25)
                    at Context.exports.testFrameworkFnWrapper (/Users/ihorvorobiov/PASV/MLH/node_modules/@wdio/utils/build/test-framework/testFnWrapper.js:18:32)</stack-trace>
            </failure>
        </test-case>
        <test-case start='1604383054677' status='broken' stop='1604383054688'>
            <name>TC-007 Label for gender = 2. Please choose a gender.</name>
            <title>TC-007 Label for gender = 2. Please choose a gender.</title>
            <labels>
                <label name='language' value='javascript'/>
                <label name='framework' value='wdio'/>
                <label name='thread' value='0-0'/>
            </labels>
            <parameters>
                <parameter kind='argument' name='browser' value='chrome-86.0.4240.183'/>
            </parameters>
            <steps>
                <step start='1604383054679' status='broken' stop='1604383054688'>
                    <name>GET /session/:sessionId/screenshot</name>
                    <title>GET /session/:sessionId/screenshot</title>
                    <attachments/>
                    <steps>
                        <step start='1604383054681' status='broken' stop='1604383054688'>
                            <name>POST /session/:sessionId/elements</name>
                            <title>POST /session/:sessionId/elements</title>
                            <attachments>
                                <attachment title='Request' source='61d02570-412c-403d-8958-1ff25775791f-attachment.json' type='application/json' size='67'/>
                            </attachments>
                            <steps/>
                        </step>
                    </steps>
                </step>
            </steps>
            <attachments/>
            <failure>
                <message>Cannot read property 'getAttribute' of undefined</message>
                <stack-trace>TypeError: Cannot read property 'getAttribute' of undefined
                    at Context.&lt;anonymous> (/Users/ihorvorobiov/PASV/MLH/test/smoke/labels.js:64:26)
                    at Context.executeAsync (/Users/ihorvorobiov/PASV/MLH/node_modules/@wdio/utils/build/shim.js:96:25)
                    at Context.exports.testFrameworkFnWrapper (/Users/ihorvorobiov/PASV/MLH/node_modules/@wdio/utils/build/test-framework/testFnWrapper.js:18:32)</stack-trace>
            </failure>
        </test-case>
        <test-case start='1604383054691' status='broken' stop='1604383054704'>
            <name>TC-008 Label for age</name>
            <title>TC-008 Label for age</title>
            <labels>
                <label name='language' value='javascript'/>
                <label name='framework' value='wdio'/>
                <label name='thread' value='0-0'/>
            </labels>
            <parameters>
                <parameter kind='argument' name='browser' value='chrome-86.0.4240.183'/>
            </parameters>
            <steps>
                <step start='1604383054694' status='broken' stop='1604383054704'>
                    <name>GET /session/:sessionId/screenshot</name>
                    <title>GET /session/:sessionId/screenshot</title>
                    <attachments/>
                    <steps>
                        <step start='1604383054698' status='broken' stop='1604383054704'>
                            <name>POST /session/:sessionId/elements</name>
                            <title>POST /session/:sessionId/elements</title>
                            <attachments>
                                <attachment title='Request' source='e5fa9b29-ca61-4614-b2ba-2d6a75c0d57e-attachment.json' type='application/json' size='67'/>
                            </attachments>
                            <steps/>
                        </step>
                    </steps>
                </step>
            </steps>
            <attachments/>
            <failure>
                <message>Cannot read property 'getAttribute' of undefined</message>
                <stack-trace>TypeError: Cannot read property 'getAttribute' of undefined
                    at Context.&lt;anonymous> (/Users/ihorvorobiov/PASV/MLH/test/smoke/labels.js:69:26)
                    at Context.executeAsync (/Users/ihorvorobiov/PASV/MLH/node_modules/@wdio/utils/build/shim.js:96:25)
                    at Context.exports.testFrameworkFnWrapper (/Users/ihorvorobiov/PASV/MLH/node_modules/@wdio/utils/build/test-framework/testFnWrapper.js:18:32)</stack-trace>
            </failure>
        </test-case>
        <test-case start='1604383054710' status='broken' stop='1604383054721'>
            <name>TC-009 Label for story</name>
            <title>TC-009 Label for story</title>
            <labels>
                <label name='language' value='javascript'/>
                <label name='framework' value='wdio'/>
                <label name='thread' value='0-0'/>
            </labels>
            <parameters>
                <parameter kind='argument' name='browser' value='chrome-86.0.4240.183'/>
            </parameters>
            <steps>
                <step start='1604383054715' status='broken' stop='1604383054721'>
                    <name>GET /session/:sessionId/screenshot</name>
                    <title>GET /session/:sessionId/screenshot</title>
                    <attachments/>
                    <steps>
                        <step start='1604383054719' status='broken' stop='1604383054721'>
                            <name>POST /session/:sessionId/elements</name>
                            <title>POST /session/:sessionId/elements</title>
                            <attachments>
                                <attachment title='Request' source='ac6bfd42-b607-4c8d-8d13-3f9a0663cd3c-attachment.json' type='application/json' size='67'/>
                            </attachments>
                            <steps/>
                        </step>
                    </steps>
                </step>
            </steps>
            <attachments/>
            <failure>
                <message>Cannot read property 'getAttribute' of undefined</message>
                <stack-trace>TypeError: Cannot read property 'getAttribute' of undefined
                    at Context.&lt;anonymous> (/Users/ihorvorobiov/PASV/MLH/test/smoke/labels.js:74:26)
                    at Context.executeAsync (/Users/ihorvorobiov/PASV/MLH/node_modules/@wdio/utils/build/shim.js:96:25)
                    at Context.exports.testFrameworkFnWrapper (/Users/ihorvorobiov/PASV/MLH/node_modules/@wdio/utils/build/test-framework/testFnWrapper.js:18:32)</stack-trace>
            </failure>
        </test-case>
    </test-cases>
</ns2:test-suite>