<?xml version='1.0'?>
<ns2:test-suite xmlns:ns2='urn:model.allure.qatools.yandex.ru' start='1604385921131' stop='1604385921180'>
    <name>My Little Hero: Labels are correct</name>
    <title>My Little Hero: Labels are correct</title>
    <test-cases>
        <test-case start='1604385921132' status='broken' stop='1604385921138'>
            <name>TC-006 Label for name = 1. What is your Hero's name?</name>
            <title>TC-006 Label for name = 1. What is your Hero's name?</title>
            <labels>
                <label name='language' value='javascript'/>
                <label name='framework' value='wdio'/>
                <label name='thread' value='0-0'/>
            </labels>
            <parameters>
                <parameter kind='argument' name='browser' value='chrome-86.0.4240.183'/>
            </parameters>
            <steps>
                <step start='1604385921133' status='broken' stop='1604385921138'>
                    <name>GET /session/:sessionId/screenshot</name>
                    <title>GET /session/:sessionId/screenshot</title>
                    <attachments/>
                    <steps>
                        <step start='1604385921136' status='broken' stop='1604385921138'>
                            <name>POST /session/:sessionId/elements</name>
                            <title>POST /session/:sessionId/elements</title>
                            <attachments>
                                <attachment title='Request' source='00a072e3-638b-4215-ae2e-e0303a5bed08-attachment.json' type='application/json' size='67'/>
                            </attachments>
                            <steps/>
                        </step>
                    </steps>
                </step>
            </steps>
            <attachments/>
            <failure>
                <message>Cannot read property 'getAttribute' of undefined</message>
                <stack-trace>TypeError: Cannot read property 'getAttribute' of undefined
                    at Context.&lt;anonymous> (/Users/ihorvorobiov/PASV/MLH/test/smoke/labels.js:59:26)
                    at Context.executeAsync (/Users/ihorvorobiov/PASV/MLH/node_modules/@wdio/utils/build/shim.js:96:25)
                    at Context.exports.testFrameworkFnWrapper (/Users/ihorvorobiov/PASV/MLH/node_modules/@wdio/utils/build/test-framework/testFnWrapper.js:18:32)</stack-trace>
            </failure>
        </test-case>
        <test-case start='1604385921141' status='broken' stop='1604385921149'>
            <name>TC-007 Label for gender = 2. Please choose a gender.</name>
            <title>TC-007 Label for gender = 2. Please choose a gender.</title>
            <labels>
                <label name='language' value='javascript'/>
                <label name='framework' value='wdio'/>
                <label name='thread' value='0-0'/>
            </labels>
            <parameters>
                <parameter kind='argument' name='browser' value='chrome-86.0.4240.183'/>
            </parameters>
            <steps>
                <step start='1604385921142' status='broken' stop='1604385921149'>
                    <name>GET /session/:sessionId/screenshot</name>
                    <title>GET /session/:sessionId/screenshot</title>
                    <attachments/>
                    <steps>
                        <step start='1604385921146' status='broken' stop='1604385921149'>
                            <name>POST /session/:sessionId/elements</name>
                            <title>POST /session/:sessionId/elements</title>
                            <attachments>
                                <attachment title='Request' source='483e98bb-bb01-4114-bfea-63fc49f2d127-attachment.json' type='application/json' size='67'/>
                            </attachments>
                            <steps/>
                        </step>
                    </steps>
                </step>
            </steps>
            <attachments/>
            <failure>
                <message>Cannot read property 'getAttribute' of undefined</message>
                <stack-trace>TypeError: Cannot read property 'getAttribute' of undefined
                    at Context.&lt;anonymous> (/Users/ihorvorobiov/PASV/MLH/test/smoke/labels.js:64:26)
                    at Context.executeAsync (/Users/ihorvorobiov/PASV/MLH/node_modules/@wdio/utils/build/shim.js:96:25)
                    at Context.exports.testFrameworkFnWrapper (/Users/ihorvorobiov/PASV/MLH/node_modules/@wdio/utils/build/test-framework/testFnWrapper.js:18:32)</stack-trace>
            </failure>
        </test-case>
        <test-case start='1604385921153' status='broken' stop='1604385921162'>
            <name>TC-008 Label for age</name>
            <title>TC-008 Label for age</title>
            <labels>
                <label name='language' value='javascript'/>
                <label name='framework' value='wdio'/>
                <label name='thread' value='0-0'/>
            </labels>
            <parameters>
                <parameter kind='argument' name='browser' value='chrome-86.0.4240.183'/>
            </parameters>
            <steps>
                <step start='1604385921154' status='broken' stop='1604385921162'>
                    <name>GET /session/:sessionId/screenshot</name>
                    <title>GET /session/:sessionId/screenshot</title>
                    <attachments/>
                    <steps>
                        <step start='1604385921156' status='broken' stop='1604385921162'>
                            <name>POST /session/:sessionId/elements</name>
                            <title>POST /session/:sessionId/elements</title>
                            <attachments>
                                <attachment title='Request' source='760479b1-d840-416d-b315-cb6fec8c6327-attachment.json' type='application/json' size='67'/>
                            </attachments>
                            <steps/>
                        </step>
                    </steps>
                </step>
            </steps>
            <attachments/>
            <failure>
                <message>Cannot read property 'getAttribute' of undefined</message>
                <stack-trace>TypeError: Cannot read property 'getAttribute' of undefined
                    at Context.&lt;anonymous> (/Users/ihorvorobiov/PASV/MLH/test/smoke/labels.js:69:26)
                    at Context.executeAsync (/Users/ihorvorobiov/PASV/MLH/node_modules/@wdio/utils/build/shim.js:96:25)
                    at Context.exports.testFrameworkFnWrapper (/Users/ihorvorobiov/PASV/MLH/node_modules/@wdio/utils/build/test-framework/testFnWrapper.js:18:32)</stack-trace>
            </failure>
        </test-case>
        <test-case start='1604385921165' status='broken' stop='1604385921174'>
            <name>TC-009 Label for story</name>
            <title>TC-009 Label for story</title>
            <labels>
                <label name='language' value='javascript'/>
                <label name='framework' value='wdio'/>
                <label name='thread' value='0-0'/>
            </labels>
            <parameters>
                <parameter kind='argument' name='browser' value='chrome-86.0.4240.183'/>
            </parameters>
            <steps>
                <step start='1604385921167' status='broken' stop='1604385921174'>
                    <name>GET /session/:sessionId/screenshot</name>
                    <title>GET /session/:sessionId/screenshot</title>
                    <attachments/>
                    <steps>
                        <step start='1604385921168' status='broken' stop='1604385921174'>
                            <name>POST /session/:sessionId/elements</name>
                            <title>POST /session/:sessionId/elements</title>
                            <attachments>
                                <attachment title='Request' source='2d844841-0cf0-4801-87dc-a960c6b02fcd-attachment.json' type='application/json' size='67'/>
                            </attachments>
                            <steps/>
                        </step>
                    </steps>
                </step>
            </steps>
            <attachments/>
            <failure>
                <message>Cannot read property 'getAttribute' of undefined</message>
                <stack-trace>TypeError: Cannot read property 'getAttribute' of undefined
                    at Context.&lt;anonymous> (/Users/ihorvorobiov/PASV/MLH/test/smoke/labels.js:74:26)
                    at Context.executeAsync (/Users/ihorvorobiov/PASV/MLH/node_modules/@wdio/utils/build/shim.js:96:25)
                    at Context.exports.testFrameworkFnWrapper (/Users/ihorvorobiov/PASV/MLH/node_modules/@wdio/utils/build/test-framework/testFnWrapper.js:18:32)</stack-trace>
            </failure>
        </test-case>
    </test-cases>
</ns2:test-suite>