<?xml version='1.0'?>
<ns2:test-suite xmlns:ns2='urn:model.allure.qatools.yandex.ru' start='1604387011173' stop='1604387011229'>
    <name>My Little Hero: Labels are correct</name>
    <title>My Little Hero: Labels are correct</title>
    <test-cases>
        <test-case start='1604387011174' status='broken' stop='1604387011184'>
            <name>TC-006 Label for name = 1. What is your Hero's name?</name>
            <title>TC-006 Label for name = 1. What is your Hero's name?</title>
            <labels>
                <label name='language' value='javascript'/>
                <label name='framework' value='wdio'/>
                <label name='thread' value='0-0'/>
            </labels>
            <parameters>
                <parameter kind='argument' name='browser' value='chrome-86.0.4240.183'/>
            </parameters>
            <steps>
                <step start='1604387011174' status='broken' stop='1604387011184'>
                    <name>GET /session/:sessionId/screenshot</name>
                    <title>GET /session/:sessionId/screenshot</title>
                    <attachments/>
                    <steps>
                        <step start='1604387011176' status='broken' stop='1604387011184'>
                            <name>POST /session/:sessionId/elements</name>
                            <title>POST /session/:sessionId/elements</title>
                            <attachments>
                                <attachment title='Request' source='479dc206-022d-44d6-9c5b-72e99d2a147b-attachment.json' type='application/json' size='67'/>
                            </attachments>
                            <steps/>
                        </step>
                    </steps>
                </step>
            </steps>
            <attachments/>
            <failure>
                <message>Cannot read property 'getAttribute' of undefined</message>
                <stack-trace>TypeError: Cannot read property 'getAttribute' of undefined
                    at Context.&lt;anonymous> (/Users/ihorvorobiov/PASV/MLH/test/smoke/labels.js:59:26)
                    at Context.executeAsync (/Users/ihorvorobiov/PASV/MLH/node_modules/@wdio/utils/build/shim.js:96:25)
                    at Context.exports.testFrameworkFnWrapper (/Users/ihorvorobiov/PASV/MLH/node_modules/@wdio/utils/build/test-framework/testFnWrapper.js:18:32)</stack-trace>
            </failure>
        </test-case>
        <test-case start='1604387011185' status='broken' stop='1604387011190'>
            <name>TC-007 Label for gender = 2. Please choose a gender.</name>
            <title>TC-007 Label for gender = 2. Please choose a gender.</title>
            <labels>
                <label name='language' value='javascript'/>
                <label name='framework' value='wdio'/>
                <label name='thread' value='0-0'/>
            </labels>
            <parameters>
                <parameter kind='argument' name='browser' value='chrome-86.0.4240.183'/>
            </parameters>
            <steps>
                <step start='1604387011186' status='broken' stop='1604387011190'>
                    <name>GET /session/:sessionId/screenshot</name>
                    <title>GET /session/:sessionId/screenshot</title>
                    <attachments/>
                    <steps>
                        <step start='1604387011188' status='broken' stop='1604387011190'>
                            <name>POST /session/:sessionId/elements</name>
                            <title>POST /session/:sessionId/elements</title>
                            <attachments>
                                <attachment title='Request' source='bc48c7d0-bba7-41d4-b27b-911e66277899-attachment.json' type='application/json' size='67'/>
                            </attachments>
                            <steps/>
                        </step>
                    </steps>
                </step>
            </steps>
            <attachments/>
            <failure>
                <message>Cannot read property 'getAttribute' of undefined</message>
                <stack-trace>TypeError: Cannot read property 'getAttribute' of undefined
                    at Context.&lt;anonymous> (/Users/ihorvorobiov/PASV/MLH/test/smoke/labels.js:64:26)
                    at Context.executeAsync (/Users/ihorvorobiov/PASV/MLH/node_modules/@wdio/utils/build/shim.js:96:25)
                    at Context.exports.testFrameworkFnWrapper (/Users/ihorvorobiov/PASV/MLH/node_modules/@wdio/utils/build/test-framework/testFnWrapper.js:18:32)</stack-trace>
            </failure>
        </test-case>
        <test-case start='1604387011195' status='broken' stop='1604387011202'>
            <name>TC-008 Label for age</name>
            <title>TC-008 Label for age</title>
            <labels>
                <label name='language' value='javascript'/>
                <label name='framework' value='wdio'/>
                <label name='thread' value='0-0'/>
            </labels>
            <parameters>
                <parameter kind='argument' name='browser' value='chrome-86.0.4240.183'/>
            </parameters>
            <steps>
                <step start='1604387011197' status='broken' stop='1604387011202'>
                    <name>GET /session/:sessionId/screenshot</name>
                    <title>GET /session/:sessionId/screenshot</title>
                    <attachments/>
                    <steps>
                        <step start='1604387011199' status='broken' stop='1604387011202'>
                            <name>POST /session/:sessionId/elements</name>
                            <title>POST /session/:sessionId/elements</title>
                            <attachments>
                                <attachment title='Request' source='9e82eb41-3e74-4502-9644-4c4a8fcf8ae4-attachment.json' type='application/json' size='67'/>
                            </attachments>
                            <steps/>
                        </step>
                    </steps>
                </step>
            </steps>
            <attachments/>
            <failure>
                <message>Cannot read property 'getAttribute' of undefined</message>
                <stack-trace>TypeError: Cannot read property 'getAttribute' of undefined
                    at Context.&lt;anonymous> (/Users/ihorvorobiov/PASV/MLH/test/smoke/labels.js:69:26)
                    at Context.executeAsync (/Users/ihorvorobiov/PASV/MLH/node_modules/@wdio/utils/build/shim.js:96:25)
                    at Context.exports.testFrameworkFnWrapper (/Users/ihorvorobiov/PASV/MLH/node_modules/@wdio/utils/build/test-framework/testFnWrapper.js:18:32)</stack-trace>
            </failure>
        </test-case>
        <test-case start='1604387011206' status='broken' stop='1604387011226'>
            <name>TC-009 Label for story</name>
            <title>TC-009 Label for story</title>
            <labels>
                <label name='language' value='javascript'/>
                <label name='framework' value='wdio'/>
                <label name='thread' value='0-0'/>
            </labels>
            <parameters>
                <parameter kind='argument' name='browser' value='chrome-86.0.4240.183'/>
            </parameters>
            <steps>
                <step start='1604387011208' status='broken' stop='1604387011226'>
                    <name>GET /session/:sessionId/screenshot</name>
                    <title>GET /session/:sessionId/screenshot</title>
                    <attachments/>
                    <steps>
                        <step start='1604387011212' status='broken' stop='1604387011226'>
                            <name>POST /session/:sessionId/elements</name>
                            <title>POST /session/:sessionId/elements</title>
                            <attachments>
                                <attachment title='Request' source='be4c252b-4f89-4ada-8013-41feb2ea0cdf-attachment.json' type='application/json' size='67'/>
                            </attachments>
                            <steps/>
                        </step>
                    </steps>
                </step>
            </steps>
            <attachments/>
            <failure>
                <message>Cannot read property 'getAttribute' of undefined</message>
                <stack-trace>TypeError: Cannot read property 'getAttribute' of undefined
                    at Context.&lt;anonymous> (/Users/ihorvorobiov/PASV/MLH/test/smoke/labels.js:74:26)
                    at Context.executeAsync (/Users/ihorvorobiov/PASV/MLH/node_modules/@wdio/utils/build/shim.js:96:25)
                    at Context.exports.testFrameworkFnWrapper (/Users/ihorvorobiov/PASV/MLH/node_modules/@wdio/utils/build/test-framework/testFnWrapper.js:18:32)</stack-trace>
            </failure>
        </test-case>
    </test-cases>
</ns2:test-suite>