<?xml version='1.0'?>
<ns2:test-suite xmlns:ns2='urn:model.allure.qatools.yandex.ru' start='1604383310597' stop='1604383310645'>
    <name>My Little Hero: Labels are correct</name>
    <title>My Little Hero: Labels are correct</title>
    <test-cases>
        <test-case start='1604383310597' status='broken' stop='1604383310603'>
            <name>TC-006 Label for name = 1. What is your Hero's name?</name>
            <title>TC-006 Label for name = 1. What is your Hero's name?</title>
            <labels>
                <label name='language' value='javascript'/>
                <label name='framework' value='wdio'/>
                <label name='thread' value='0-0'/>
            </labels>
            <parameters>
                <parameter kind='argument' name='browser' value='chrome-86.0.4240.183'/>
            </parameters>
            <steps>
                <step start='1604383310598' status='broken' stop='1604383310603'>
                    <name>GET /session/:sessionId/screenshot</name>
                    <title>GET /session/:sessionId/screenshot</title>
                    <attachments/>
                    <steps>
                        <step start='1604383310601' status='broken' stop='1604383310603'>
                            <name>POST /session/:sessionId/elements</name>
                            <title>POST /session/:sessionId/elements</title>
                            <attachments>
                                <attachment title='Request' source='fbf0b49f-222a-4259-abda-81f6fc42474e-attachment.json' type='application/json' size='67'/>
                            </attachments>
                            <steps/>
                        </step>
                    </steps>
                </step>
            </steps>
            <attachments/>
            <failure>
                <message>Cannot read property 'getAttribute' of undefined</message>
                <stack-trace>TypeError: Cannot read property 'getAttribute' of undefined
                    at Context.&lt;anonymous> (/Users/ihorvorobiov/PASV/MLH/test/smoke/labels.js:59:26)
                    at Context.executeAsync (/Users/ihorvorobiov/PASV/MLH/node_modules/@wdio/utils/build/shim.js:96:25)
                    at Context.exports.testFrameworkFnWrapper (/Users/ihorvorobiov/PASV/MLH/node_modules/@wdio/utils/build/test-framework/testFnWrapper.js:18:32)</stack-trace>
            </failure>
        </test-case>
        <test-case start='1604383310606' status='broken' stop='1604383310615'>
            <name>TC-007 Label for gender = 2. Please choose a gender.</name>
            <title>TC-007 Label for gender = 2. Please choose a gender.</title>
            <labels>
                <label name='language' value='javascript'/>
                <label name='framework' value='wdio'/>
                <label name='thread' value='0-0'/>
            </labels>
            <parameters>
                <parameter kind='argument' name='browser' value='chrome-86.0.4240.183'/>
            </parameters>
            <steps>
                <step start='1604383310607' status='broken' stop='1604383310615'>
                    <name>GET /session/:sessionId/screenshot</name>
                    <title>GET /session/:sessionId/screenshot</title>
                    <attachments/>
                    <steps>
                        <step start='1604383310612' status='broken' stop='1604383310615'>
                            <name>POST /session/:sessionId/elements</name>
                            <title>POST /session/:sessionId/elements</title>
                            <attachments>
                                <attachment title='Request' source='5122196e-0125-41a7-9d04-ac2a96199660-attachment.json' type='application/json' size='67'/>
                            </attachments>
                            <steps/>
                        </step>
                    </steps>
                </step>
            </steps>
            <attachments/>
            <failure>
                <message>Cannot read property 'getAttribute' of undefined</message>
                <stack-trace>TypeError: Cannot read property 'getAttribute' of undefined
                    at Context.&lt;anonymous> (/Users/ihorvorobiov/PASV/MLH/test/smoke/labels.js:64:26)
                    at Context.executeAsync (/Users/ihorvorobiov/PASV/MLH/node_modules/@wdio/utils/build/shim.js:96:25)
                    at Context.exports.testFrameworkFnWrapper (/Users/ihorvorobiov/PASV/MLH/node_modules/@wdio/utils/build/test-framework/testFnWrapper.js:18:32)</stack-trace>
            </failure>
        </test-case>
        <test-case start='1604383310622' status='broken' stop='1604383310630'>
            <name>TC-008 Label for age</name>
            <title>TC-008 Label for age</title>
            <labels>
                <label name='language' value='javascript'/>
                <label name='framework' value='wdio'/>
                <label name='thread' value='0-0'/>
            </labels>
            <parameters>
                <parameter kind='argument' name='browser' value='chrome-86.0.4240.183'/>
            </parameters>
            <steps>
                <step start='1604383310625' status='broken' stop='1604383310630'>
                    <name>GET /session/:sessionId/screenshot</name>
                    <title>GET /session/:sessionId/screenshot</title>
                    <attachments/>
                    <steps>
                        <step start='1604383310628' status='broken' stop='1604383310630'>
                            <name>POST /session/:sessionId/elements</name>
                            <title>POST /session/:sessionId/elements</title>
                            <attachments>
                                <attachment title='Request' source='5d13e83f-a55d-4c65-8f76-2b45d91471cd-attachment.json' type='application/json' size='67'/>
                            </attachments>
                            <steps/>
                        </step>
                    </steps>
                </step>
            </steps>
            <attachments/>
            <failure>
                <message>Cannot read property 'getAttribute' of undefined</message>
                <stack-trace>TypeError: Cannot read property 'getAttribute' of undefined
                    at Context.&lt;anonymous> (/Users/ihorvorobiov/PASV/MLH/test/smoke/labels.js:69:26)
                    at Context.executeAsync (/Users/ihorvorobiov/PASV/MLH/node_modules/@wdio/utils/build/shim.js:96:25)
                    at Context.exports.testFrameworkFnWrapper (/Users/ihorvorobiov/PASV/MLH/node_modules/@wdio/utils/build/test-framework/testFnWrapper.js:18:32)</stack-trace>
            </failure>
        </test-case>
        <test-case start='1604383310633' status='broken' stop='1604383310641'>
            <name>TC-009 Label for story</name>
            <title>TC-009 Label for story</title>
            <labels>
                <label name='language' value='javascript'/>
                <label name='framework' value='wdio'/>
                <label name='thread' value='0-0'/>
            </labels>
            <parameters>
                <parameter kind='argument' name='browser' value='chrome-86.0.4240.183'/>
            </parameters>
            <steps>
                <step start='1604383310635' status='broken' stop='1604383310641'>
                    <name>GET /session/:sessionId/screenshot</name>
                    <title>GET /session/:sessionId/screenshot</title>
                    <attachments/>
                    <steps>
                        <step start='1604383310639' status='broken' stop='1604383310641'>
                            <name>POST /session/:sessionId/elements</name>
                            <title>POST /session/:sessionId/elements</title>
                            <attachments>
                                <attachment title='Request' source='5f39203e-972d-4d3c-830c-88e6f6f4653f-attachment.json' type='application/json' size='67'/>
                            </attachments>
                            <steps/>
                        </step>
                    </steps>
                </step>
            </steps>
            <attachments/>
            <failure>
                <message>Cannot read property 'getAttribute' of undefined</message>
                <stack-trace>TypeError: Cannot read property 'getAttribute' of undefined
                    at Context.&lt;anonymous> (/Users/ihorvorobiov/PASV/MLH/test/smoke/labels.js:74:26)
                    at Context.executeAsync (/Users/ihorvorobiov/PASV/MLH/node_modules/@wdio/utils/build/shim.js:96:25)
                    at Context.exports.testFrameworkFnWrapper (/Users/ihorvorobiov/PASV/MLH/node_modules/@wdio/utils/build/test-framework/testFnWrapper.js:18:32)</stack-trace>
            </failure>
        </test-case>
    </test-cases>
</ns2:test-suite>